<?xml version="1.0" encoding="UTF-8"?>
<testsuite xmlns:xsi="http://www.w3.org/2001/XMLSchema-instance" xsi:noNamespaceSchemaLocation="https://maven.apache.org/surefire/maven-surefire-plugin/xsd/surefire-test-report-3.0.xsd" version="3.0" name="com.octavo.cliente.ClienteControllerTest" time="4.248" tests="8" errors="0" skipped="0" failures="0">
  <properties>
[...]
</properties>
  <testcase name="POST_crear_emailInvalido_retorna400" classname="com.octavo.cliente.ClienteControllerTest" time="0.295">
    <system-out><![CDATA[10:14:56.331 [main] INFO org.springframework.test.context.support.AnnotationConfigContextLoaderUtils -- Could not detect default configuration classes for test class [com.octavo.cliente.ClienteControllerTest]: ClienteControllerTest does not declare any static, non-private, non-final, nested classes annotated with @Configuration.
10:14:56.461 [main] INFO org.springframework.boot.test.context.SpringBootTestContextBootstrapper -- Found @SpringBootConfiguration com.octavo.cliente.ClienteApplication for test class com.octavo.cliente.ClienteControllerTest

  .   ____          _            __ _ _
 /\\ / ___'_ __ _ _(_)_ __  __ _ \ \ \ \
( ( )\___ | '_ | '_| | '_ \/ _` | \ \ \ \
 \\/  ___)| |_)| | | | | || (_| |  ) ) ) )
  '  |____| .__|_| |_|_| |_\__, | / / / /
 =========|_|==============|___/=/_/_/_/
 :: Spring Boot ::                (v3.2.5)

2026-05-02T10:14:56.976-05:00  INFO 7696 --- [cliente] [           main] c.octavo.cliente.ClienteControllerTest   : Starting ClienteControllerTest using Java 17.0.19 with PID 7696 (started by Genesis in C:\Users\Genesis\Documents\microservicios-clientes-v2\cliente-service)
2026-05-02T10:14:56.979-05:00  INFO 7696 --- [cliente] [           main] c.octavo.cliente.ClienteControllerTest   : No active profile set, falling back to 1 default profile: "default"
2026-05-02T10:14:59.829-05:00  INFO 7696 --- [cliente] [           main] o.s.b.t.m.w.SpringBootMockServletContext : Initializing Spring TestDispatcherServlet ''
2026-05-02T10:14:59.830-05:00  INFO 7696 --- [cliente] [           main] o.s.t.web.servlet.TestDispatcherServlet  : Initializing Servlet ''
2026-05-02T10:14:59.833-05:00  INFO 7696 --- [cliente] [           main] o.s.t.web.servlet.TestDispatcherServlet  : Completed initialization in 1 ms
2026-05-02T10:14:59.858-05:00  INFO 7696 --- [cliente] [           main] c.octavo.cliente.ClienteControllerTest   : Started ClienteControllerTest in 3.302 seconds (process running for 4.3)
2026-05-02T10:15:00.132-05:00  WARN 7696 --- [cliente] [           main] .w.s.m.s.DefaultHandlerExceptionResolver : Resolved [org.springframework.web.bind.MethodArgumentNotValidException: Validation failed for argument [0] in public org.springframework.http.ResponseEntity<com.octavo.cliente.clientes.ClienteDTO> com.octavo.cliente.clientes.ClienteController.crear(com.octavo.cliente.clientes.ClienteDTO): [Field error in object 'clienteDTO' on field 'email': rejected value [no-es-un-email]; codes [Email.clienteDTO.email,Email.email,Email.java.lang.String,Email]; arguments [org.springframework.context.support.DefaultMessageSourceResolvable: codes [clienteDTO.email,email]; arguments []; default message [email],[Ljakarta.validation.constraints.Pattern$Flag;@279c4e3b,.*]; default message [El email no es valido]] ]
]]></system-out>
  </testcase>
  <testcase name="POST_crear_datosValidos_retorna201" classname="com.octavo.cliente.ClienteControllerTest" time="0.129"/>
  <testcase name="DELETE_eliminar_retorna204" classname="com.octavo.cliente.ClienteControllerTest" time="0.007"/>
  <testcase name="GET_buscarPorId_existente_retorna200" classname="com.octavo.cliente.ClienteControllerTest" time="0.008"/>
  <testcase name="PUT_actualizar_retorna200" classname="com.octavo.cliente.ClienteControllerTest" time="0.006"/>
  <testcase name="GET_listarTodos_retorna200ConPagina" classname="com.octavo.cliente.ClienteControllerTest" time="0.031"/>
  <testcase name="GET_buscarPorId_inexistente_retorna404" classname="com.octavo.cliente.ClienteControllerTest" time="0.005"/>
  <testcase name="PATCH_actualizarParcial_retorna200" classname="com.octavo.cliente.ClienteControllerTest" time="0.006"/>
</testsuite>